<?xml version="1.0" encoding="UTF-8"?>
<testng-results ignored="0" total="9" passed="9" failed="0" skipped="0">
  <reporter-output>
  </reporter-output>
  <suite started-at="2022-03-03T14:30:20 IST" name="regressionSuite" finished-at="2022-03-03T14:32:02 IST" duration-ms="101949">
    <groups>
    </groups>
    <test started-at="2022-03-03T14:30:20 IST" name="ChromeTest" finished-at="2022-03-03T14:30:46 IST" duration-ms="25906">
      <class name="inspiration.TestClassLoginPage">
        <test-method is-config="true" signature="launchTheBrowser(java.lang.String)[pri:0, instance:inspiration.TestClassLoginPage@5d7148e2]" started-at="2022-03-03T14:30:24 IST" name="launchTheBrowser" finished-at="2022-03-03T14:30:26 IST" duration-ms="2082" status="PASS">
          <params>
            <param index="0">
              <value>
                <![CDATA[Chrome]]>
              </value>
            </param>
          </params>
          <reporter-output>
          </reporter-output>
        </test-method> <!-- launchTheBrowser -->
        <test-method is-config="true" signature="createObjectOfPOMClasses()[pri:0, instance:inspiration.TestClassLoginPage@5d7148e2]" started-at="2022-03-03T14:30:26 IST" name="createObjectOfPOMClasses" finished-at="2022-03-03T14:30:26 IST" duration-ms="61" status="PASS">
          <reporter-output>
          </reporter-output>
        </test-method> <!-- createObjectOfPOMClasses -->
        <test-method is-config="true" signature="launchTheApplication()[pri:0, instance:inspiration.TestClassLoginPage@5d7148e2]" started-at="2022-03-03T14:30:27 IST" name="launchTheApplication" finished-at="2022-03-03T14:30:33 IST" duration-ms="6606" status="PASS">
          <reporter-output>
          </reporter-output>
        </test-method> <!-- launchTheApplication -->
        <test-method signature="verifyForgettenPasswordButton()[pri:0, instance:inspiration.TestClassLoginPage@5d7148e2]" started-at="2022-03-03T14:30:33 IST" name="verifyForgettenPasswordButton" finished-at="2022-03-03T14:30:43 IST" duration-ms="9898" status="PASS">
          <reporter-output>
          </reporter-output>
        </test-method> <!-- verifyForgettenPasswordButton -->
        <test-method is-config="true" signature="launch()[pri:0, instance:inspiration.TestClassLoginPage@5d7148e2]" started-at="2022-03-03T14:30:43 IST" name="launch" finished-at="2022-03-03T14:30:43 IST" duration-ms="214" status="PASS">
          <reporter-output>
          </reporter-output>
        </test-method> <!-- launch -->
        <test-method is-config="true" signature="launchTheApplication()[pri:0, instance:inspiration.TestClassLoginPage@5d7148e2]" started-at="2022-03-03T14:30:43 IST" name="launchTheApplication" finished-at="2022-03-03T14:30:44 IST" duration-ms="790" status="PASS">
          <reporter-output>
          </reporter-output>
        </test-method> <!-- launchTheApplication -->
        <test-method signature="verifyLoginPage()[pri:0, instance:inspiration.TestClassLoginPage@5d7148e2]" started-at="2022-03-03T14:30:44 IST" name="verifyLoginPage" finished-at="2022-03-03T14:30:44 IST" duration-ms="164" status="PASS">
          <reporter-output>
          </reporter-output>
        </test-method> <!-- verifyLoginPage -->
        <test-method is-config="true" signature="launch()[pri:0, instance:inspiration.TestClassLoginPage@5d7148e2]" started-at="2022-03-03T14:30:44 IST" name="launch" finished-at="2022-03-03T14:30:44 IST" duration-ms="189" status="PASS">
          <reporter-output>
          </reporter-output>
        </test-method> <!-- launch -->
        <test-method is-config="true" signature="clearPOMClassObjectReferences()[pri:0, instance:inspiration.TestClassLoginPage@5d7148e2]" started-at="2022-03-03T14:30:44 IST" name="clearPOMClassObjectReferences" finished-at="2022-03-03T14:30:44 IST" duration-ms="0" status="PASS">
          <reporter-output>
          </reporter-output>
        </test-method> <!-- clearPOMClassObjectReferences -->
        <test-method is-config="true" signature="closeTheBrowser()[pri:0, instance:inspiration.TestClassLoginPage@5d7148e2]" started-at="2022-03-03T14:30:46 IST" name="closeTheBrowser" finished-at="2022-03-03T14:30:46 IST" duration-ms="570" status="PASS">
          <reporter-output>
          </reporter-output>
        </test-method> <!-- closeTheBrowser -->
      </class> <!-- inspiration.TestClassLoginPage -->
      <class name="inspiration.TestClassCreateNewAccountPage">
        <test-method is-config="true" signature="launchTheBrowser(java.lang.String)[pri:0, instance:inspiration.TestClassCreateNewAccountPage@66d3eec0]" started-at="2022-03-03T14:30:20 IST" name="launchTheBrowser" finished-at="2022-03-03T14:30:24 IST" duration-ms="3969" status="PASS">
          <params>
            <param index="0">
              <value>
                <![CDATA[Chrome]]>
              </value>
            </param>
          </params>
          <reporter-output>
          </reporter-output>
        </test-method> <!-- launchTheBrowser -->
        <test-method is-config="true" signature="createObjectOfPOMClasses()[pri:0, instance:inspiration.TestClassCreateNewAccountPage@66d3eec0]" started-at="2022-03-03T14:30:26 IST" name="createObjectOfPOMClasses" finished-at="2022-03-03T14:30:26 IST" duration-ms="61" status="PASS">
          <reporter-output>
          </reporter-output>
        </test-method> <!-- createObjectOfPOMClasses -->
        <test-method is-config="true" signature="launchTheApplication()[pri:0, instance:inspiration.TestClassCreateNewAccountPage@66d3eec0]" started-at="2022-03-03T14:30:27 IST" name="launchTheApplication" finished-at="2022-03-03T14:30:33 IST" duration-ms="6824" status="PASS">
          <reporter-output>
          </reporter-output>
        </test-method> <!-- launchTheApplication -->
        <test-method signature="verifyCreateNewAccountPopup()[pri:0, instance:inspiration.TestClassCreateNewAccountPage@66d3eec0]" started-at="2022-03-03T14:30:33 IST" name="verifyCreateNewAccountPopup" finished-at="2022-03-03T14:30:36 IST" duration-ms="2595" status="PASS">
          <reporter-output>
          </reporter-output>
        </test-method> <!-- verifyCreateNewAccountPopup -->
        <test-method is-config="true" signature="launch()[pri:0, instance:inspiration.TestClassCreateNewAccountPage@66d3eec0]" started-at="2022-03-03T14:30:36 IST" name="launch" finished-at="2022-03-03T14:30:36 IST" duration-ms="561" status="PASS">
          <reporter-output>
          </reporter-output>
        </test-method> <!-- launch -->
        <test-method is-config="true" signature="clearPOMClassObjectReferences()[pri:0, instance:inspiration.TestClassCreateNewAccountPage@66d3eec0]" started-at="2022-03-03T14:30:36 IST" name="clearPOMClassObjectReferences" finished-at="2022-03-03T14:30:36 IST" duration-ms="1" status="PASS">
          <reporter-output>
          </reporter-output>
        </test-method> <!-- clearPOMClassObjectReferences -->
        <test-method is-config="true" signature="closeTheBrowser()[pri:0, instance:inspiration.TestClassCreateNewAccountPage@66d3eec0]" started-at="2022-03-03T14:30:44 IST" name="closeTheBrowser" finished-at="2022-03-03T14:30:46 IST" duration-ms="1270" status="PASS">
          <reporter-output>
          </reporter-output>
        </test-method> <!-- closeTheBrowser -->
      </class> <!-- inspiration.TestClassCreateNewAccountPage -->
    </test> <!-- ChromeTest -->
    <test started-at="2022-03-03T14:30:46 IST" name="EdgeTest" finished-at="2022-03-03T14:31:16 IST" duration-ms="29278">
      <class name="inspiration.TestClassLoginPage">
        <test-method is-config="true" signature="launchTheBrowser(java.lang.String)[pri:0, instance:inspiration.TestClassLoginPage@54a7079e]" started-at="2022-03-03T14:30:51 IST" name="launchTheBrowser" finished-at="2022-03-03T14:30:55 IST" duration-ms="4358" status="PASS">
          <params>
            <param index="0">
              <value>
                <![CDATA[Edge]]>
              </value>
            </param>
          </params>
          <reporter-output>
          </reporter-output>
        </test-method> <!-- launchTheBrowser -->
        <test-method is-config="true" signature="createObjectOfPOMClasses()[pri:0, instance:inspiration.TestClassLoginPage@54a7079e]" started-at="2022-03-03T14:30:55 IST" name="createObjectOfPOMClasses" finished-at="2022-03-03T14:30:55 IST" duration-ms="1" status="PASS">
          <reporter-output>
          </reporter-output>
        </test-method> <!-- createObjectOfPOMClasses -->
        <test-method is-config="true" signature="launchTheApplication()[pri:0, instance:inspiration.TestClassLoginPage@54a7079e]" started-at="2022-03-03T14:30:55 IST" name="launchTheApplication" finished-at="2022-03-03T14:31:04 IST" duration-ms="8571" status="PASS">
          <reporter-output>
          </reporter-output>
        </test-method> <!-- launchTheApplication -->
        <test-method signature="verifyForgettenPasswordButton()[pri:0, instance:inspiration.TestClassLoginPage@54a7079e]" started-at="2022-03-03T14:31:04 IST" name="verifyForgettenPasswordButton" finished-at="2022-03-03T14:31:11 IST" duration-ms="7374" status="PASS">
          <reporter-output>
          </reporter-output>
        </test-method> <!-- verifyForgettenPasswordButton -->
        <test-method is-config="true" signature="launch()[pri:0, instance:inspiration.TestClassLoginPage@54a7079e]" started-at="2022-03-03T14:31:11 IST" name="launch" finished-at="2022-03-03T14:31:11 IST" duration-ms="337" status="PASS">
          <reporter-output>
          </reporter-output>
        </test-method> <!-- launch -->
        <test-method is-config="true" signature="launchTheApplication()[pri:0, instance:inspiration.TestClassLoginPage@54a7079e]" started-at="2022-03-03T14:31:11 IST" name="launchTheApplication" finished-at="2022-03-03T14:31:13 IST" duration-ms="2048" status="PASS">
          <reporter-output>
          </reporter-output>
        </test-method> <!-- launchTheApplication -->
        <test-method signature="verifyLoginPage()[pri:0, instance:inspiration.TestClassLoginPage@54a7079e]" started-at="2022-03-03T14:31:13 IST" name="verifyLoginPage" finished-at="2022-03-03T14:31:14 IST" duration-ms="461" status="PASS">
          <reporter-output>
          </reporter-output>
        </test-method> <!-- verifyLoginPage -->
        <test-method is-config="true" signature="launch()[pri:0, instance:inspiration.TestClassLoginPage@54a7079e]" started-at="2022-03-03T14:31:14 IST" name="launch" finished-at="2022-03-03T14:31:14 IST" duration-ms="252" status="PASS">
          <reporter-output>
          </reporter-output>
        </test-method> <!-- launch -->
        <test-method is-config="true" signature="clearPOMClassObjectReferences()[pri:0, instance:inspiration.TestClassLoginPage@54a7079e]" started-at="2022-03-03T14:31:14 IST" name="clearPOMClassObjectReferences" finished-at="2022-03-03T14:31:14 IST" duration-ms="2" status="PASS">
          <reporter-output>
          </reporter-output>
        </test-method> <!-- clearPOMClassObjectReferences -->
        <test-method is-config="true" signature="closeTheBrowser()[pri:0, instance:inspiration.TestClassLoginPage@54a7079e]" started-at="2022-03-03T14:31:15 IST" name="closeTheBrowser" finished-at="2022-03-03T14:31:16 IST" duration-ms="588" status="PASS">
          <reporter-output>
          </reporter-output>
        </test-method> <!-- closeTheBrowser -->
      </class> <!-- inspiration.TestClassLoginPage -->
      <class name="inspiration.TestClassCreateNewAccountPage">
        <test-method is-config="true" signature="launchTheBrowser(java.lang.String)[pri:0, instance:inspiration.TestClassCreateNewAccountPage@4310d43]" started-at="2022-03-03T14:30:46 IST" name="launchTheBrowser" finished-at="2022-03-03T14:30:51 IST" duration-ms="4240" status="PASS">
          <params>
            <param index="0">
              <value>
                <![CDATA[Edge]]>
              </value>
            </param>
          </params>
          <reporter-output>
          </reporter-output>
        </test-method> <!-- launchTheBrowser -->
        <test-method is-config="true" signature="createObjectOfPOMClasses()[pri:0, instance:inspiration.TestClassCreateNewAccountPage@4310d43]" started-at="2022-03-03T14:30:55 IST" name="createObjectOfPOMClasses" finished-at="2022-03-03T14:30:55 IST" duration-ms="2" status="PASS">
          <reporter-output>
          </reporter-output>
        </test-method> <!-- createObjectOfPOMClasses -->
        <test-method is-config="true" signature="launchTheApplication()[pri:0, instance:inspiration.TestClassCreateNewAccountPage@4310d43]" started-at="2022-03-03T14:30:55 IST" name="launchTheApplication" finished-at="2022-03-03T14:31:05 IST" duration-ms="10001" status="PASS">
          <reporter-output>
          </reporter-output>
        </test-method> <!-- launchTheApplication -->
        <test-method signature="verifyCreateNewAccountPopup()[pri:0, instance:inspiration.TestClassCreateNewAccountPage@4310d43]" started-at="2022-03-03T14:31:05 IST" name="verifyCreateNewAccountPopup" finished-at="2022-03-03T14:31:09 IST" duration-ms="3695" status="PASS">
          <reporter-output>
          </reporter-output>
        </test-method> <!-- verifyCreateNewAccountPopup -->
        <test-method is-config="true" signature="launch()[pri:0, instance:inspiration.TestClassCreateNewAccountPage@4310d43]" started-at="2022-03-03T14:31:09 IST" name="launch" finished-at="2022-03-03T14:31:09 IST" duration-ms="443" status="PASS">
          <reporter-output>
          </reporter-output>
        </test-method> <!-- launch -->
        <test-method is-config="true" signature="clearPOMClassObjectReferences()[pri:0, instance:inspiration.TestClassCreateNewAccountPage@4310d43]" started-at="2022-03-03T14:31:09 IST" name="clearPOMClassObjectReferences" finished-at="2022-03-03T14:31:09 IST" duration-ms="0" status="PASS">
          <reporter-output>
          </reporter-output>
        </test-method> <!-- clearPOMClassObjectReferences -->
        <test-method is-config="true" signature="closeTheBrowser()[pri:0, instance:inspiration.TestClassCreateNewAccountPage@4310d43]" started-at="2022-03-03T14:31:14 IST" name="closeTheBrowser" finished-at="2022-03-03T14:31:15 IST" duration-ms="1033" status="PASS">
          <reporter-output>
          </reporter-output>
        </test-method> <!-- closeTheBrowser -->
      </class> <!-- inspiration.TestClassCreateNewAccountPage -->
    </test> <!-- EdgeTest -->
    <test started-at="2022-03-03T14:31:16 IST" name="FirefoxTest" finished-at="2022-03-03T14:32:02 IST" duration-ms="46640">
      <class name="inspiration.TestClassLoginPage">
        <test-method is-config="true" signature="launchTheBrowser(java.lang.String)[pri:0, instance:inspiration.TestClassLoginPage@1151e434]" started-at="2022-03-03T14:31:25 IST" name="launchTheBrowser" finished-at="2022-03-03T14:31:37 IST" duration-ms="12425" status="PASS">
          <params>
            <param index="0">
              <value>
                <![CDATA[Firefox]]>
              </value>
            </param>
          </params>
          <reporter-output>
          </reporter-output>
        </test-method> <!-- launchTheBrowser -->
        <test-method is-config="true" signature="createObjectOfPOMClasses()[pri:0, instance:inspiration.TestClassLoginPage@1151e434]" started-at="2022-03-03T14:31:37 IST" name="createObjectOfPOMClasses" finished-at="2022-03-03T14:31:37 IST" duration-ms="1" status="PASS">
          <reporter-output>
          </reporter-output>
        </test-method> <!-- createObjectOfPOMClasses -->
        <test-method is-config="true" signature="launchTheApplication()[pri:0, instance:inspiration.TestClassLoginPage@1151e434]" started-at="2022-03-03T14:31:37 IST" name="launchTheApplication" finished-at="2022-03-03T14:31:42 IST" duration-ms="5022" status="PASS">
          <reporter-output>
          </reporter-output>
        </test-method> <!-- launchTheApplication -->
        <test-method signature="verifyForgettenPasswordButton()[pri:0, instance:inspiration.TestClassLoginPage@1151e434]" started-at="2022-03-03T14:31:42 IST" name="verifyForgettenPasswordButton" finished-at="2022-03-03T14:31:49 IST" duration-ms="6405" status="PASS">
          <reporter-output>
          </reporter-output>
        </test-method> <!-- verifyForgettenPasswordButton -->
        <test-method is-config="true" signature="launch()[pri:0, instance:inspiration.TestClassLoginPage@1151e434]" started-at="2022-03-03T14:31:49 IST" name="launch" finished-at="2022-03-03T14:31:49 IST" duration-ms="243" status="PASS">
          <reporter-output>
          </reporter-output>
        </test-method> <!-- launch -->
        <test-method is-config="true" signature="launchTheApplication()[pri:0, instance:inspiration.TestClassLoginPage@1151e434]" started-at="2022-03-03T14:31:49 IST" name="launchTheApplication" finished-at="2022-03-03T14:31:50 IST" duration-ms="1191" status="PASS">
          <reporter-output>
          </reporter-output>
        </test-method> <!-- launchTheApplication -->
        <test-method signature="verifyLoginPage()[pri:0, instance:inspiration.TestClassLoginPage@1151e434]" started-at="2022-03-03T14:31:50 IST" name="verifyLoginPage" finished-at="2022-03-03T14:31:50 IST" duration-ms="220" status="PASS">
          <reporter-output>
          </reporter-output>
        </test-method> <!-- verifyLoginPage -->
        <test-method is-config="true" signature="launch()[pri:0, instance:inspiration.TestClassLoginPage@1151e434]" started-at="2022-03-03T14:31:50 IST" name="launch" finished-at="2022-03-03T14:31:50 IST" duration-ms="89" status="PASS">
          <reporter-output>
          </reporter-output>
        </test-method> <!-- launch -->
        <test-method is-config="true" signature="clearPOMClassObjectReferences()[pri:0, instance:inspiration.TestClassLoginPage@1151e434]" started-at="2022-03-03T14:31:50 IST" name="clearPOMClassObjectReferences" finished-at="2022-03-03T14:31:50 IST" duration-ms="2" status="PASS">
          <reporter-output>
          </reporter-output>
        </test-method> <!-- clearPOMClassObjectReferences -->
        <test-method is-config="true" signature="closeTheBrowser()[pri:0, instance:inspiration.TestClassLoginPage@1151e434]" started-at="2022-03-03T14:31:59 IST" name="closeTheBrowser" finished-at="2022-03-03T14:32:02 IST" duration-ms="2898" status="PASS">
          <reporter-output>
          </reporter-output>
        </test-method> <!-- closeTheBrowser -->
      </class> <!-- inspiration.TestClassLoginPage -->
      <class name="inspiration.TestClassCreateNewAccountPage">
        <test-method is-config="true" signature="launchTheBrowser(java.lang.String)[pri:0, instance:inspiration.TestClassCreateNewAccountPage@1b11171f]" started-at="2022-03-03T14:31:16 IST" name="launchTheBrowser" finished-at="2022-03-03T14:31:25 IST" duration-ms="9050" status="PASS">
          <params>
            <param index="0">
              <value>
                <![CDATA[Firefox]]>
              </value>
            </param>
          </params>
          <reporter-output>
          </reporter-output>
        </test-method> <!-- launchTheBrowser -->
        <test-method is-config="true" signature="createObjectOfPOMClasses()[pri:0, instance:inspiration.TestClassCreateNewAccountPage@1b11171f]" started-at="2022-03-03T14:31:37 IST" name="createObjectOfPOMClasses" finished-at="2022-03-03T14:31:37 IST" duration-ms="2" status="PASS">
          <reporter-output>
          </reporter-output>
        </test-method> <!-- createObjectOfPOMClasses -->
        <test-method is-config="true" signature="launchTheApplication()[pri:0, instance:inspiration.TestClassCreateNewAccountPage@1b11171f]" started-at="2022-03-03T14:31:37 IST" name="launchTheApplication" finished-at="2022-03-03T14:31:42 IST" duration-ms="4698" status="PASS">
          <reporter-output>
          </reporter-output>
        </test-method> <!-- launchTheApplication -->
        <test-method signature="verifyCreateNewAccountPopup()[pri:0, instance:inspiration.TestClassCreateNewAccountPage@1b11171f]" started-at="2022-03-03T14:31:42 IST" name="verifyCreateNewAccountPopup" finished-at="2022-03-03T14:31:44 IST" duration-ms="2367" status="PASS">
          <reporter-output>
          </reporter-output>
        </test-method> <!-- verifyCreateNewAccountPopup -->
        <test-method is-config="true" signature="launch()[pri:0, instance:inspiration.TestClassCreateNewAccountPage@1b11171f]" started-at="2022-03-03T14:31:44 IST" name="launch" finished-at="2022-03-03T14:31:45 IST" duration-ms="875" status="PASS">
          <reporter-output>
          </reporter-output>
        </test-method> <!-- launch -->
        <test-method is-config="true" signature="clearPOMClassObjectReferences()[pri:0, instance:inspiration.TestClassCreateNewAccountPage@1b11171f]" started-at="2022-03-03T14:31:45 IST" name="clearPOMClassObjectReferences" finished-at="2022-03-03T14:31:45 IST" duration-ms="1" status="PASS">
          <reporter-output>
          </reporter-output>
        </test-method> <!-- clearPOMClassObjectReferences -->
        <test-method is-config="true" signature="closeTheBrowser()[pri:0, instance:inspiration.TestClassCreateNewAccountPage@1b11171f]" started-at="2022-03-03T14:31:50 IST" name="closeTheBrowser" finished-at="2022-03-03T14:31:59 IST" duration-ms="9084" status="PASS">
          <reporter-output>
          </reporter-output>
        </test-method> <!-- closeTheBrowser -->
      </class> <!-- inspiration.TestClassCreateNewAccountPage -->
    </test> <!-- FirefoxTest -->
  </suite> <!-- regressionSuite -->
</testng-results>
