<?xml version="1.0" encoding="UTF-8"?>
<!-- Generated by org.testng.reporters.JUnitXMLReporter -->
<testsuite ignored="0" hostname="DESKTOP-EGG68CQ" failures="0" tests="3" name="ChromeTest" time="25.906" errors="0" timestamp="2022-03-03T14:30:46 IST">
  <testcase classname="inspiration.TestClassCreateNewAccountPage" name="verifyCreateNewAccountPopup" time="2.595"/>
  <testcase classname="inspiration.TestClassLoginPage" name="verifyForgettenPasswordButton" time="9.898"/>
  <testcase classname="inspiration.TestClassLoginPage" name="verifyLoginPage" time="0.164"/>
</testsuite> <!-- ChromeTest -->
