<?xml version="1.0" encoding="UTF-8"?>
<!-- Generated by org.testng.reporters.JUnitXMLReporter -->
<testsuite ignored="0" hostname="DESKTOP-EGG68CQ" failures="0" tests="3" name="EdgeTest" time="29.278" errors="0" timestamp="2022-03-03T14:31:16 IST">
  <testcase classname="inspiration.TestClassCreateNewAccountPage" name="verifyCreateNewAccountPopup" time="3.695"/>
  <testcase classname="inspiration.TestClassLoginPage" name="verifyForgettenPasswordButton" time="7.374"/>
  <testcase classname="inspiration.TestClassLoginPage" name="verifyLoginPage" time="0.461"/>
</testsuite> <!-- EdgeTest -->
