<?xml version="1.0" encoding="UTF-8"?>
<!-- Generated by org.testng.reporters.JUnitXMLReporter -->
<testsuite ignored="0" hostname="DESKTOP-EGG68CQ" failures="0" tests="3" name="FirefoxTest" time="46.64" errors="0" timestamp="2022-03-03T14:32:02 IST">
  <testcase classname="inspiration.TestClassCreateNewAccountPage" name="verifyCreateNewAccountPopup" time="2.367"/>
  <testcase classname="inspiration.TestClassLoginPage" name="verifyForgettenPasswordButton" time="6.405"/>
  <testcase classname="inspiration.TestClassLoginPage" name="verifyLoginPage" time="0.22"/>
</testsuite> <!-- FirefoxTest -->
