<?xml version="1.0" encoding="UTF-8"?>
<!-- Generated by org.testng.reporters.JUnitXMLReporter -->
<testsuite ignored="0" hostname="DESKTOP-EGG68CQ" failures="0" tests="3" name="Test" time="25.864" errors="0" timestamp="2022-03-02T17:19:38 IST">
  <testcase classname="inspiration.TestClassCreateNewAccountPage" name="verifyCreateNewAccountPopup" time="1.751"/>
  <testcase classname="inspiration.TestClassLoginPage" name="verifyForgettenPasswordButton" time="7.371"/>
  <testcase classname="inspiration.TestClassLoginPage" name="verifyLoginPage" time="0.157"/>
</testsuite> <!-- Test -->
